0 info it worked if it ends with ok
1 verbose cli [ 'c:\\Program Files\\nodejs\\node.exe',
1 verbose cli   'c:\\Program Files\\nodejs\\node_modules\\npm\\bin\\npm-cli.js',
1 verbose cli   'install',
1 verbose cli   '--save',
1 verbose cli   'notes-server' ]
2 info using npm@1.4.28
3 info using node@v0.10.35
4 warn package.json RevealJSTest@1.0.0 No description
5 warn package.json RevealJSTest@1.0.0 No repository field.
6 warn package.json RevealJSTest@1.0.0 No README data
7 verbose readDependencies using package.json deps
8 verbose cache add [ 'notes-server', null ]
9 verbose cache add name=undefined spec="notes-server" args=["notes-server",null]
10 verbose parsed url { protocol: null,
10 verbose parsed url   slashes: null,
10 verbose parsed url   auth: null,
10 verbose parsed url   host: null,
10 verbose parsed url   port: null,
10 verbose parsed url   hostname: null,
10 verbose parsed url   hash: null,
10 verbose parsed url   search: null,
10 verbose parsed url   query: null,
10 verbose parsed url   pathname: 'notes-server',
10 verbose parsed url   path: 'notes-server',
10 verbose parsed url   href: 'notes-server' }
11 silly lockFile a10f3ebd-notes-server notes-server
12 verbose lock notes-server C:\Users\ksinger\AppData\Roaming\npm-cache\a10f3ebd-notes-server.lock
13 silly lockFile a10f3ebd-notes-server notes-server
14 silly lockFile a10f3ebd-notes-server notes-server
15 verbose addNamed [ 'notes-server', '' ]
16 verbose addNamed [ null, '*' ]
17 silly lockFile e09abfc7-notes-server notes-server@
18 verbose lock notes-server@ C:\Users\ksinger\AppData\Roaming\npm-cache\e09abfc7-notes-server.lock
19 silly addNameRange { name: 'notes-server', range: '*', hasData: false }
20 verbose request where is /notes-server
21 verbose request registry https://registry.npmjs.org/
22 verbose request id 222ec4e6087efbfe
23 verbose url raw /notes-server
24 verbose url resolving [ 'https://registry.npmjs.org/', './notes-server' ]
25 verbose url resolved https://registry.npmjs.org/notes-server
26 verbose request where is https://registry.npmjs.org/notes-server
27 info trying registry request attempt 1 at 10:51:26
28 http GET https://registry.npmjs.org/notes-server
29 http 404 https://registry.npmjs.org/notes-server
30 verbose headers { date: 'Wed, 22 Apr 2015 08:51:27 GMT',
30 verbose headers   server: 'CouchDB/1.5.0 (Erlang OTP/R16B03)',
30 verbose headers   'content-type': 'application/json',
30 verbose headers   'cache-control': 'max-age=0',
30 verbose headers   'content-length': '51',
30 verbose headers   'accept-ranges': 'bytes',
30 verbose headers   via: '1.1 varnish',
30 verbose headers   age: '0',
30 verbose headers   'x-served-by': 'cache-ams4125-AMS',
30 verbose headers   'x-cache': 'MISS',
30 verbose headers   'x-cache-hits': '0',
30 verbose headers   'x-timer': 'S1429692687.112129,VS0,VE167',
30 verbose headers   'keep-alive': 'timeout=10, max=50',
30 verbose headers   connection: 'Keep-Alive' }
31 silly registry.get cb [ 404,
31 silly registry.get   { date: 'Wed, 22 Apr 2015 08:51:27 GMT',
31 silly registry.get     server: 'CouchDB/1.5.0 (Erlang OTP/R16B03)',
31 silly registry.get     'content-type': 'application/json',
31 silly registry.get     'cache-control': 'max-age=0',
31 silly registry.get     'content-length': '51',
31 silly registry.get     'accept-ranges': 'bytes',
31 silly registry.get     via: '1.1 varnish',
31 silly registry.get     age: '0',
31 silly registry.get     'x-served-by': 'cache-ams4125-AMS',
31 silly registry.get     'x-cache': 'MISS',
31 silly registry.get     'x-cache-hits': '0',
31 silly registry.get     'x-timer': 'S1429692687.112129,VS0,VE167',
31 silly registry.get     'keep-alive': 'timeout=10, max=50',
31 silly registry.get     connection: 'Keep-Alive' } ]
32 silly lockFile e09abfc7-notes-server notes-server@
33 silly lockFile e09abfc7-notes-server notes-server@
34 error 404 404 Not Found: notes-server
34 error 404
34 error 404 'notes-server' is not in the npm registry.
34 error 404 You should bug the author to publish it
34 error 404 It was specified as a dependency of 'RevealJSTest'
34 error 404
34 error 404 Note that you can also install from a
34 error 404 tarball, folder, or http url, or git url.
35 error System Windows_NT 6.1.7601
36 error command "c:\\Program Files\\nodejs\\node.exe" "c:\\Program Files\\nodejs\\node_modules\\npm\\bin\\npm-cli.js" "install" "--save" "notes-server"
37 error cwd c:\DATA\ksinger\flux-presentation
38 error node -v v0.10.35
39 error npm -v 1.4.28
40 error code E404
41 verbose exit [ 1, true ]
